2026-01-07 18:03:57.021936 - Starting OCR for file: 21711e9f-a83d-471d-8451-4f8d6fa3792c.jpg
2026-01-07 18:03:57.300918 - Starting model initialization...
2026-01-07 18:04:02.322732 - Model initialization successful!
2026-01-07 18:04:11.850728 - OCR completed. Merchant: cheli bhansa ghar
2026-01-07 18:04:25.363491 - Starting OCR for file: ed531bb7-d5ff-4e95-a24d-0b97a721bf2b.jpg
2026-01-07 18:04:33.000499 - OCR completed. Merchant: BHAT- BHATENI SUPER MARKETINAXAL)
2026-01-07 18:04:46.954568 - Starting OCR for file: 38d23565-ab8f-4447-bad4-8de209870649.jpg
2026-01-07 18:05:00.814282 - OCR completed. Merchant: BIG MART
2026-01-07 18:06:22.356589 - Starting model initialization...
2026-01-07 18:06:34.079431 - Model initialization successful!
2026-01-08 01:26:31.501104 - Starting OCR for file: 67b3b4ea-b885-462b-b627-e7056ba06dcb.jpg
2026-01-08 01:26:31.957022 - Starting model initialization...
2026-01-08 01:26:42.431465 - Model initialization successful!
2026-01-08 01:26:54.346898 - OCR completed. Merchant: BIG MART
2026-01-08 09:00:29.656028 - Starting OCR for file: a21d02fb-8a35-4cf2-9589-9b3e739eeeea.jpg
2026-01-08 09:00:30.144182 - Starting model initialization...
2026-01-08 09:00:55.945958 - Model initialization successful!
2026-01-08 09:01:18.871246 - OCR completed. Merchant: cheli bhansa ghar
2026-01-08 09:04:59.026227 - Starting OCR for file: f865fae9-14b3-4e7d-bc93-edabafa76cd1.jpg
2026-01-08 09:05:07.127350 - OCR completed. Merchant: cheli bhansa ghar
2026-01-08 09:21:15.501881 - Starting OCR for file: db724dcd-1eb4-4eb7-ae87-c11ce66b89a9.jpg
2026-01-08 09:21:38.456113 - OCR completed. Merchant: cheli bhansa ghar
2026-01-08 09:23:56.576913 - Starting OCR for file: 7b28048d-5d5b-40c5-8b5e-05b817e75a54.jpg
2026-01-08 09:24:01.033905 - Starting model initialization...
2026-01-08 09:24:11.612974 - Model initialization successful!
2026-01-08 09:24:26.406971 - OCR completed. Merchant: cheli bhansa ghar
2026-01-08 09:35:01.441225 - Starting OCR for file: 0f0000b0-68e4-4439-ab5a-9258f1bd17c3.jpg
2026-01-08 09:35:01.927247 - Starting model initialization...
2026-01-08 09:35:09.503906 - Model initialization successful!
2026-01-08 09:35:18.548258 - OCR completed. Merchant: cheli bhansa ghar
2026-01-08 11:56:12.055186 - Starting OCR for file: f17b94e2-6a73-4c85-830e-534bb6fd2b24.jpg
2026-01-08 11:56:12.901604 - Starting model initialization...
2026-01-08 11:56:24.053541 - Model initialization successful!
2026-01-08 11:56:35.046547 - OCR completed. Merchant: cheli bhansa ghar
2026-01-08 12:01:42.556750 - Starting OCR for file: af4cc65c-90ce-46e7-94bb-c85de241da21.jpg
2026-01-08 12:01:49.398440 - OCR completed. Merchant: BIG MART
2026-01-08 13:57:59.241922 - Starting OCR for file: 7a671a06-1757-44e9-ad43-454877dc769e.jpg
2026-01-08 13:57:59.680004 - Starting model initialization...
2026-01-08 13:58:06.788443 - Model initialization successful!
2026-01-08 13:58:13.577674 - OCR completed. Merchant: TAX INVOICE
2026-01-08 13:58:23.992986 - Starting OCR for file: 0660f3ec-d45b-4783-ac33-992a54537ac4.jpg
2026-01-08 13:58:30.096196 - OCR completed. Merchant: TAX INVOICE
2026-01-08 13:58:53.520812 - Starting OCR for file: 79f2b95b-3491-4360-9ebe-e00297ea9bcf.jpg
2026-01-08 13:58:59.786747 - OCR completed. Merchant: cheli bhansa ghar
2026-01-08 14:09:33.522343 - Starting OCR for file: d25384d7-5c9d-4e9d-8bfa-52622b16802c.jpg
2026-01-08 14:09:44.026445 - OCR completed. Merchant: TAX INVOICE
2026-01-08 14:12:10.327886 - Starting OCR for file: c3b5159b-1c1d-4a5d-8ad0-e151794034f7.jpg
2026-01-08 14:12:10.644439 - Starting model initialization...
2026-01-08 14:12:16.745430 - Model initialization successful!
2026-01-08 14:12:25.496151 - OCR completed. Merchant: TAX INVOICE
2026-01-08 14:14:20.011335 - Starting OCR for file: 2ff797e9-292c-4450-8a26-84607539afc8.jpg
2026-01-08 14:14:20.547340 - Starting model initialization...
2026-01-08 14:14:25.541894 - Model initialization successful!
2026-01-08 14:14:33.487613 - WARNING: Extracted amount $162,501.00 exceeds maximum. Capping at $100,000.00
2026-01-08 14:14:33.987225 - OCR completed. Merchant: TAX INVOICE
2026-01-08 14:50:19.519967 - Starting OCR for file: 64d42c9e-cf0a-4472-a649-82840d36bf65.jpg
2026-01-08 14:50:32.234853 - WARNING: Extracted amount $162,501.00 exceeds maximum. Capping at $100,000.00
2026-01-08 14:50:32.239724 - OCR completed. Merchant: TAX INVOICE
2026-01-08 14:52:41.332097 - Starting OCR for file: e27e0d34-88cf-4b31-bc40-f9ee6c2afe76.jpg
2026-01-08 14:52:41.590048 - Starting model initialization...
2026-01-08 14:52:46.809814 - Model initialization successful!
2026-01-08 14:52:54.855707 - WARNING: Extracted amount $162,501.00 exceeds maximum. Capping at $100,000.00
2026-01-08 14:52:54.858911 - OCR completed. Merchant: TAX INVOICE
2026-01-08 15:03:01.135964 - Starting OCR for file: 876f3850-f42a-46f5-941d-270d6f8c7d73.jpg
2026-01-08 15:03:10.366171 - OCR completed. Merchant: BIG MART
2026-01-08 15:13:44.459542 - Starting OCR for file: ff38547c-5128-4778-bdbd-ecd0af6afb98.jpg
2026-01-08 15:14:02.090064 - OCR completed. Merchant: BIG MART
